Performing C SOURCE FILE Test CMAKE_HAVE_LIBC_PTHREAD failed with the following output:
Change Dir: /home/yangzt/catkin_ws/src/cmake-build-debug/CMakeFiles/CMakeTmp

Run Build Command(s):/usr/bin/make cmTC_f8cd6/fast && /usr/bin/make  -f CMakeFiles/cmTC_f8cd6.dir/build.make CMakeFiles/cmTC_f8cd6.dir/build
make[1]: Entering directory '/home/yangzt/catkin_ws/src/cmake-build-debug/CMakeFiles/CMakeTmp'
Building C object CMakeFiles/cmTC_f8cd6.dir/src.c.o
/usr/bin/cc   -DCMAKE_HAVE_LIBC_PTHREAD   -o CMakeFiles/cmTC_f8cd6.dir/src.c.o   -c /home/yangzt/catkin_ws/src/cmake-build-debug/CMakeFiles/CMakeTmp/src.c
Linking C executable cmTC_f8cd6
/home/yangzt/clion-2020.3.1/bin/cmake/linux/bin/cmake -E cmake_link_script CMakeFiles/cmTC_f8cd6.dir/link.txt --verbose=1
/usr/bin/cc  -DCMAKE_HAVE_LIBC_PTHREAD    -rdynamic CMakeFiles/cmTC_f8cd6.dir/src.c.o  -o cmTC_f8cd6 
CMakeFiles/cmTC_f8cd6.dir/src.c.o: In function `main':
src.c:(.text+0x3e): undefined reference to `pthread_create'
src.c:(.text+0x4a): undefined reference to `pthread_detach'
src.c:(.text+0x56): undefined reference to `pthread_cancel'
src.c:(.text+0x67): undefined reference to `pthread_join'
src.c:(.text+0x7b): undefined reference to `pthread_atfork'
collect2: error: ld returned 1 exit status
CMakeFiles/cmTC_f8cd6.dir/build.make:106: recipe for target 'cmTC_f8cd6' failed
make[1]: *** [cmTC_f8cd6] Error 1
make[1]: Leaving directory '/home/yangzt/catkin_ws/src/cmake-build-debug/CMakeFiles/CMakeTmp'
Makefile:141: recipe for target 'cmTC_f8cd6/fast' failed
make: *** [cmTC_f8cd6/fast] Error 2


Source file was:
#include <pthread.h>

void* test_func(void* data)
{
  return data;
}

int main(void)
{
  pthread_t thread;
  pthread_create(&thread, NULL, test_func, NULL);
  pthread_detach(thread);
  pthread_cancel(thread);
  pthread_join(thread, NULL);
  pthread_atfork(NULL, NULL, NULL);
  pthread_exit(NULL);

  return 0;
}

Determining if the function pthread_create exists in the pthreads failed with the following output:
Change Dir: /home/yangzt/catkin_ws/src/cmake-build-debug/CMakeFiles/CMakeTmp

Run Build Command(s):/usr/bin/make cmTC_21bef/fast && /usr/bin/make  -f CMakeFiles/cmTC_21bef.dir/build.make CMakeFiles/cmTC_21bef.dir/build
make[1]: Entering directory '/home/yangzt/catkin_ws/src/cmake-build-debug/CMakeFiles/CMakeTmp'
Building C object CMakeFiles/cmTC_21bef.dir/CheckFunctionExists.c.o
/usr/bin/cc   -DCHECK_FUNCTION_EXISTS=pthread_create   -o CMakeFiles/cmTC_21bef.dir/CheckFunctionExists.c.o   -c /home/yangzt/clion-2020.3.1/bin/cmake/linux/share/cmake-3.17/Modules/CheckFunctionExists.c
Linking C executable cmTC_21bef
/home/yangzt/clion-2020.3.1/bin/cmake/linux/bin/cmake -E cmake_link_script CMakeFiles/cmTC_21bef.dir/link.txt --verbose=1
/usr/bin/cc  -DCHECK_FUNCTION_EXISTS=pthread_create    -rdynamic CMakeFiles/cmTC_21bef.dir/CheckFunctionExists.c.o  -o cmTC_21bef  -lpthreads 
/usr/bin/ld: cannot find -lpthreads
collect2: error: ld returned 1 exit status
CMakeFiles/cmTC_21bef.dir/build.make:106: recipe for target 'cmTC_21bef' failed
make[1]: *** [cmTC_21bef] Error 1
make[1]: Leaving directory '/home/yangzt/catkin_ws/src/cmake-build-debug/CMakeFiles/CMakeTmp'
Makefile:141: recipe for target 'cmTC_21bef/fast' failed
make: *** [cmTC_21bef/fast] Error 2



Determining if the Q_WS_WIN exist failed with the following output:
Change Dir: /home/yangzt/catkin_ws/src/cmake-build-debug/CMakeFiles/CMakeTmp

Run Build Command(s):/usr/bin/make cmTC_be98d/fast && /usr/bin/make  -f CMakeFiles/cmTC_be98d.dir/build.make CMakeFiles/cmTC_be98d.dir/build
make[1]: Entering directory '/home/yangzt/catkin_ws/src/cmake-build-debug/CMakeFiles/CMakeTmp'
Building CXX object CMakeFiles/cmTC_be98d.dir/CheckSymbolExists.cxx.o
/usr/bin/c++   -I/usr/include/qt4   -o CMakeFiles/cmTC_be98d.dir/CheckSymbolExists.cxx.o -c /home/yangzt/catkin_ws/src/cmake-build-debug/CMakeFiles/CMakeTmp/CheckSymbolExists.cxx
/home/yangzt/catkin_ws/src/cmake-build-debug/CMakeFiles/CMakeTmp/CheckSymbolExists.cxx: In function ‘int main(int, char**)’:
/home/yangzt/catkin_ws/src/cmake-build-debug/CMakeFiles/CMakeTmp/CheckSymbolExists.cxx:8:19: error: ‘Q_WS_WIN’ was not declared in this scope
   return ((int*)(&Q_WS_WIN))[argc];
                   ^~~~~~~~
/home/yangzt/catkin_ws/src/cmake-build-debug/CMakeFiles/CMakeTmp/CheckSymbolExists.cxx:8:19: note: suggested alternative: ‘Q_WS_X11’
   return ((int*)(&Q_WS_WIN))[argc];
                   ^~~~~~~~
                   Q_WS_X11
CMakeFiles/cmTC_be98d.dir/build.make:85: recipe for target 'CMakeFiles/cmTC_be98d.dir/CheckSymbolExists.cxx.o' failed
make[1]: *** [CMakeFiles/cmTC_be98d.dir/CheckSymbolExists.cxx.o] Error 1
make[1]: Leaving directory '/home/yangzt/catkin_ws/src/cmake-build-debug/CMakeFiles/CMakeTmp'
Makefile:141: recipe for target 'cmTC_be98d/fast' failed
make: *** [cmTC_be98d/fast] Error 2


File /home/yangzt/catkin_ws/src/cmake-build-debug/CMakeFiles/CMakeTmp/CheckSymbolExists.cxx:
/* */
#include <QtCore/qglobal.h>

int main(int argc, char** argv)
{
  (void)argv;
#ifndef Q_WS_WIN
  return ((int*)(&Q_WS_WIN))[argc];
#else
  (void)argc;
  return 0;
#endif
}
Determining if the Q_WS_QWS exist failed with the following output:
Change Dir: /home/yangzt/catkin_ws/src/cmake-build-debug/CMakeFiles/CMakeTmp

Run Build Command(s):/usr/bin/make cmTC_ec0a2/fast && /usr/bin/make  -f CMakeFiles/cmTC_ec0a2.dir/build.make CMakeFiles/cmTC_ec0a2.dir/build
make[1]: Entering directory '/home/yangzt/catkin_ws/src/cmake-build-debug/CMakeFiles/CMakeTmp'
Building CXX object CMakeFiles/cmTC_ec0a2.dir/CheckSymbolExists.cxx.o
/usr/bin/c++   -I/usr/include/qt4   -o CMakeFiles/cmTC_ec0a2.dir/CheckSymbolExists.cxx.o -c /home/yangzt/catkin_ws/src/cmake-build-debug/CMakeFiles/CMakeTmp/CheckSymbolExists.cxx
/home/yangzt/catkin_ws/src/cmake-build-debug/CMakeFiles/CMakeTmp/CheckSymbolExists.cxx: In function ‘int main(int, char**)’:
/home/yangzt/catkin_ws/src/cmake-build-debug/CMakeFiles/CMakeTmp/CheckSymbolExists.cxx:8:19: error: ‘Q_WS_QWS’ was not declared in this scope
   return ((int*)(&Q_WS_QWS))[argc];
                   ^~~~~~~~
/home/yangzt/catkin_ws/src/cmake-build-debug/CMakeFiles/CMakeTmp/CheckSymbolExists.cxx:8:19: note: suggested alternative: ‘Q_WS_X11’
   return ((int*)(&Q_WS_QWS))[argc];
                   ^~~~~~~~
                   Q_WS_X11
CMakeFiles/cmTC_ec0a2.dir/build.make:85: recipe for target 'CMakeFiles/cmTC_ec0a2.dir/CheckSymbolExists.cxx.o' failed
make[1]: *** [CMakeFiles/cmTC_ec0a2.dir/CheckSymbolExists.cxx.o] Error 1
make[1]: Leaving directory '/home/yangzt/catkin_ws/src/cmake-build-debug/CMakeFiles/CMakeTmp'
Makefile:141: recipe for target 'cmTC_ec0a2/fast' failed
make: *** [cmTC_ec0a2/fast] Error 2


File /home/yangzt/catkin_ws/src/cmake-build-debug/CMakeFiles/CMakeTmp/CheckSymbolExists.cxx:
/* */
#include <QtCore/qglobal.h>

int main(int argc, char** argv)
{
  (void)argv;
#ifndef Q_WS_QWS
  return ((int*)(&Q_WS_QWS))[argc];
#else
  (void)argc;
  return 0;
#endif
}
Determining if the Q_WS_MAC exist failed with the following output:
Change Dir: /home/yangzt/catkin_ws/src/cmake-build-debug/CMakeFiles/CMakeTmp

Run Build Command(s):/usr/bin/make cmTC_6f99e/fast && /usr/bin/make  -f CMakeFiles/cmTC_6f99e.dir/build.make CMakeFiles/cmTC_6f99e.dir/build
make[1]: Entering directory '/home/yangzt/catkin_ws/src/cmake-build-debug/CMakeFiles/CMakeTmp'
Building CXX object CMakeFiles/cmTC_6f99e.dir/CheckSymbolExists.cxx.o
/usr/bin/c++   -I/usr/include/qt4   -o CMakeFiles/cmTC_6f99e.dir/CheckSymbolExists.cxx.o -c /home/yangzt/catkin_ws/src/cmake-build-debug/CMakeFiles/CMakeTmp/CheckSymbolExists.cxx
/home/yangzt/catkin_ws/src/cmake-build-debug/CMakeFiles/CMakeTmp/CheckSymbolExists.cxx: In function ‘int main(int, char**)’:
/home/yangzt/catkin_ws/src/cmake-build-debug/CMakeFiles/CMakeTmp/CheckSymbolExists.cxx:8:19: error: ‘Q_WS_MAC’ was not declared in this scope
   return ((int*)(&Q_WS_MAC))[argc];
                   ^~~~~~~~
/home/yangzt/catkin_ws/src/cmake-build-debug/CMakeFiles/CMakeTmp/CheckSymbolExists.cxx:8:19: note: suggested alternative: ‘Q_WS_X11’
   return ((int*)(&Q_WS_MAC))[argc];
                   ^~~~~~~~
                   Q_WS_X11
CMakeFiles/cmTC_6f99e.dir/build.make:85: recipe for target 'CMakeFiles/cmTC_6f99e.dir/CheckSymbolExists.cxx.o' failed
make[1]: *** [CMakeFiles/cmTC_6f99e.dir/CheckSymbolExists.cxx.o] Error 1
make[1]: Leaving directory '/home/yangzt/catkin_ws/src/cmake-build-debug/CMakeFiles/CMakeTmp'
Makefile:141: recipe for target 'cmTC_6f99e/fast' failed
make: *** [cmTC_6f99e/fast] Error 2


File /home/yangzt/catkin_ws/src/cmake-build-debug/CMakeFiles/CMakeTmp/CheckSymbolExists.cxx:
/* */
#include <QtCore/qglobal.h>

int main(int argc, char** argv)
{
  (void)argv;
#ifndef Q_WS_MAC
  return ((int*)(&Q_WS_MAC))[argc];
#else
  (void)argc;
  return 0;
#endif
}
