Performing C SOURCE FILE Test CMAKE_HAVE_LIBC_PTHREAD failed with the following output:
Change Dir: /home/yangzt/catkin_ws/src/controldis/cmake-build-release/CMakeFiles/CMakeTmp

Run Build Command(s):/usr/bin/make cmTC_ebcce/fast && /usr/bin/make  -f CMakeFiles/cmTC_ebcce.dir/build.make CMakeFiles/cmTC_ebcce.dir/build
make[1]: Entering directory '/home/yangzt/catkin_ws/src/controldis/cmake-build-release/CMakeFiles/CMakeTmp'
Building C object CMakeFiles/cmTC_ebcce.dir/src.c.o
/usr/bin/cc -DCMAKE_HAVE_LIBC_PTHREAD   -o CMakeFiles/cmTC_ebcce.dir/src.c.o -c /home/yangzt/catkin_ws/src/controldis/cmake-build-release/CMakeFiles/CMakeTmp/src.c
Linking C executable cmTC_ebcce
/home/yangzt/clion-2020.3.1/bin/cmake/linux/bin/cmake -E cmake_link_script CMakeFiles/cmTC_ebcce.dir/link.txt --verbose=1
/usr/bin/cc -rdynamic CMakeFiles/cmTC_ebcce.dir/src.c.o -o cmTC_ebcce 
CMakeFiles/cmTC_ebcce.dir/src.c.o: In function `main':
src.c:(.text+0x3e): undefined reference to `pthread_create'
src.c:(.text+0x4a): undefined reference to `pthread_detach'
src.c:(.text+0x56): undefined reference to `pthread_cancel'
src.c:(.text+0x67): undefined reference to `pthread_join'
src.c:(.text+0x7b): undefined reference to `pthread_atfork'
collect2: error: ld returned 1 exit status
CMakeFiles/cmTC_ebcce.dir/build.make:105: recipe for target 'cmTC_ebcce' failed
make[1]: *** [cmTC_ebcce] Error 1
make[1]: Leaving directory '/home/yangzt/catkin_ws/src/controldis/cmake-build-release/CMakeFiles/CMakeTmp'
Makefile:140: recipe for target 'cmTC_ebcce/fast' failed
make: *** [cmTC_ebcce/fast] Error 2


Source file was:
#include <pthread.h>

static void* test_func(void* data)
{
  return data;
}

int main(void)
{
  pthread_t thread;
  pthread_create(&thread, NULL, test_func, NULL);
  pthread_detach(thread);
  pthread_cancel(thread);
  pthread_join(thread, NULL);
  pthread_atfork(NULL, NULL, NULL);
  pthread_exit(NULL);

  return 0;
}

Determining if the function pthread_create exists in the pthreads failed with the following output:
Change Dir: /home/yangzt/catkin_ws/src/controldis/cmake-build-release/CMakeFiles/CMakeTmp

Run Build Command(s):/usr/bin/make cmTC_7a2c8/fast && /usr/bin/make  -f CMakeFiles/cmTC_7a2c8.dir/build.make CMakeFiles/cmTC_7a2c8.dir/build
make[1]: Entering directory '/home/yangzt/catkin_ws/src/controldis/cmake-build-release/CMakeFiles/CMakeTmp'
Building C object CMakeFiles/cmTC_7a2c8.dir/CheckFunctionExists.c.o
/usr/bin/cc   -DCHECK_FUNCTION_EXISTS=pthread_create -o CMakeFiles/cmTC_7a2c8.dir/CheckFunctionExists.c.o -c /home/yangzt/clion-2020.3.1/bin/cmake/linux/share/cmake-3.19/Modules/CheckFunctionExists.c
Linking C executable cmTC_7a2c8
/home/yangzt/clion-2020.3.1/bin/cmake/linux/bin/cmake -E cmake_link_script CMakeFiles/cmTC_7a2c8.dir/link.txt --verbose=1
/usr/bin/cc  -DCHECK_FUNCTION_EXISTS=pthread_create -rdynamic CMakeFiles/cmTC_7a2c8.dir/CheckFunctionExists.c.o -o cmTC_7a2c8  -lpthreads 
/usr/bin/ld: cannot find -lpthreads
collect2: error: ld returned 1 exit status
CMakeFiles/cmTC_7a2c8.dir/build.make:105: recipe for target 'cmTC_7a2c8' failed
make[1]: *** [cmTC_7a2c8] Error 1
make[1]: Leaving directory '/home/yangzt/catkin_ws/src/controldis/cmake-build-release/CMakeFiles/CMakeTmp'
Makefile:140: recipe for target 'cmTC_7a2c8/fast' failed
make: *** [cmTC_7a2c8/fast] Error 2



