Determining if the pthread_create exist failed with the following output:
Change Dir: /home/sunhan/catkin_ws/src/controldis/build/CMakeFiles/CMakeTmp

Run Build Command:"/usr/bin/make" "cmTC_fa701/fast"
/usr/bin/make -f CMakeFiles/cmTC_fa701.dir/build.make CMakeFiles/cmTC_fa701.dir/build
make[1]: Entering directory '/home/sunhan/catkin_ws/src/controldis/build/CMakeFiles/CMakeTmp'
Building C object CMakeFiles/cmTC_fa701.dir/CheckSymbolExists.c.o
/usr/bin/cc     -o CMakeFiles/cmTC_fa701.dir/CheckSymbolExists.c.o   -c /home/sunhan/catkin_ws/src/controldis/build/CMakeFiles/CMakeTmp/CheckSymbolExists.c
Linking C executable cmTC_fa701
/usr/bin/cmake -E cmake_link_script CMakeFiles/cmTC_fa701.dir/link.txt --verbose=1
/usr/bin/cc       CMakeFiles/cmTC_fa701.dir/CheckSymbolExists.c.o  -o cmTC_fa701 -rdynamic 
CMakeFiles/cmTC_fa701.dir/CheckSymbolExists.c.o：在函数‘main’中：
CheckSymbolExists.c:(.text+0x16)：对‘pthread_create’未定义的引用
collect2: error: ld returned 1 exit status
CMakeFiles/cmTC_fa701.dir/build.make:97: recipe for target 'cmTC_fa701' failed
make[1]: *** [cmTC_fa701] Error 1
make[1]: Leaving directory '/home/sunhan/catkin_ws/src/controldis/build/CMakeFiles/CMakeTmp'
Makefile:126: recipe for target 'cmTC_fa701/fast' failed
make: *** [cmTC_fa701/fast] Error 2

File /home/sunhan/catkin_ws/src/controldis/build/CMakeFiles/CMakeTmp/CheckSymbolExists.c:
/* */
#include <pthread.h>

int main(int argc, char** argv)
{
  (void)argv;
#ifndef pthread_create
  return ((int*)(&pthread_create))[argc];
#else
  (void)argc;
  return 0;
#endif
}

Determining if the function pthread_create exists in the pthreads failed with the following output:
Change Dir: /home/sunhan/catkin_ws/src/controldis/build/CMakeFiles/CMakeTmp

Run Build Command:"/usr/bin/make" "cmTC_1fac4/fast"
/usr/bin/make -f CMakeFiles/cmTC_1fac4.dir/build.make CMakeFiles/cmTC_1fac4.dir/build
make[1]: Entering directory '/home/sunhan/catkin_ws/src/controldis/build/CMakeFiles/CMakeTmp'
Building C object CMakeFiles/cmTC_1fac4.dir/CheckFunctionExists.c.o
/usr/bin/cc    -DCHECK_FUNCTION_EXISTS=pthread_create   -o CMakeFiles/cmTC_1fac4.dir/CheckFunctionExists.c.o   -c /usr/share/cmake-3.5/Modules/CheckFunctionExists.c
Linking C executable cmTC_1fac4
/usr/bin/cmake -E cmake_link_script CMakeFiles/cmTC_1fac4.dir/link.txt --verbose=1
/usr/bin/cc   -DCHECK_FUNCTION_EXISTS=pthread_create    CMakeFiles/cmTC_1fac4.dir/CheckFunctionExists.c.o  -o cmTC_1fac4 -rdynamic -lpthreads 
/usr/bin/ld: 找不到 -lpthreads
collect2: error: ld returned 1 exit status
CMakeFiles/cmTC_1fac4.dir/build.make:97: recipe for target 'cmTC_1fac4' failed
make[1]: *** [cmTC_1fac4] Error 1
make[1]: Leaving directory '/home/sunhan/catkin_ws/src/controldis/build/CMakeFiles/CMakeTmp'
Makefile:126: recipe for target 'cmTC_1fac4/fast' failed
make: *** [cmTC_1fac4/fast] Error 2


